Looking for git in: git
Using git 2.14.1 from git
> git rev-parse --show-toplevel
> git config --get commit.template
Open repository: /home/server/beproject
> git status -z -u
> git symbolic-ref --short HEAD
> git rev-parse master
> git rev-parse --symbolic-full-name master@{u}
> git rev-list --left-right master...refs/remotes/origin/master
> git for-each-ref --format %(refname) %(objectname) --sort -committerdate
> git remote --verbose
> git check-ignore -z --stdin
> git show :Dockerfile
> git show :config.py
> git show :.gitignore
> git check-ignore -z --stdin
> git show :setup.sh
> git check-ignore -z --stdin
> git show :app/app.py
